<?xml version="1.0" encoding="UTF-8"?>
<coverage generated="1776350451862" clover="3.2.0">
  <project timestamp="1776350451862" name="All files">
    <metrics statements="25" coveredstatements="21" conditionals="36" coveredconditionals="33" methods="8" coveredmethods="4" elements="69" coveredelements="58" complexity="0" loc="25" ncloc="25" packages="3" files="4" classes="4"/>
    <package name="src">
      <metrics statements="1" coveredstatements="1" conditionals="0" coveredconditionals="0" methods="1" coveredmethods="1"/>
      <file name="app.jsx" path="/mnt/c/Users/deanf/OneDrive/2026/University/Courses/COMS/Sem 1/SD/Project/Ubuntu Health/clinic-system/client/src/app.jsx">
        <metrics statements="1" coveredstatements="1" conditionals="0" coveredconditionals="0" methods="1" coveredmethods="1"/>
        <line num="14" count="8" type="stmt"/>
      </file>
    </package>
    <package name="src.Utils">
      <metrics statements="2" coveredstatements="2" conditionals="2" coveredconditionals="2" methods="1" coveredmethods="1"/>
      <file name="Permissions.js" path="/mnt/c/Users/deanf/OneDrive/2026/University/Courses/COMS/Sem 1/SD/Project/Ubuntu Health/clinic-system/client/src/Utils/Permissions.js">
        <metrics statements="2" coveredstatements="2" conditionals="2" coveredconditionals="2" methods="1" coveredmethods="1"/>
        <line num="1" count="1" type="stmt"/>
        <line num="8" count="37" type="cond" truecount="2" falsecount="0"/>
      </file>
    </package>
    <package name="src.components">
      <metrics statements="22" coveredstatements="18" conditionals="34" coveredconditionals="31" methods="6" coveredmethods="2"/>
      <file name="Layout.jsx" path="/mnt/c/Users/deanf/OneDrive/2026/University/Courses/COMS/Sem 1/SD/Project/Ubuntu Health/clinic-system/client/src/components/Layout.jsx">
        <metrics statements="14" coveredstatements="10" conditionals="24" coveredconditionals="23" methods="5" coveredmethods="1"/>
        <line num="5" count="1" type="stmt"/>
        <line num="149" count="10" type="stmt"/>
        <line num="150" count="10" type="stmt"/>
        <line num="151" count="10" type="stmt"/>
        <line num="153" count="10" type="stmt"/>
        <line num="154" count="10" type="stmt"/>
        <line num="156" count="10" type="stmt"/>
        <line num="157" count="0" type="stmt"/>
        <line num="160" count="10" type="stmt"/>
        <line num="161" count="10" type="stmt"/>
        <line num="163" count="10" type="stmt"/>
        <line num="196" count="0" type="stmt"/>
        <line num="207" count="0" type="stmt"/>
        <line num="218" count="0" type="stmt"/>
      </file>
      <file name="ProtectedRoute.jsx" path="/mnt/c/Users/deanf/OneDrive/2026/University/Courses/COMS/Sem 1/SD/Project/Ubuntu Health/clinic-system/client/src/components/ProtectedRoute.jsx">
        <metrics statements="8" coveredstatements="8" conditionals="10" coveredconditionals="8" methods="1" coveredmethods="1"/>
        <line num="6" count="9" type="stmt"/>
        <line num="8" count="9" type="cond" truecount="2" falsecount="0"/>
        <line num="10" count="8" type="cond" truecount="2" falsecount="0"/>
        <line num="12" count="7" type="cond" truecount="2" falsecount="0"/>
        <line num="13" count="1" type="cond" truecount="1" falsecount="1"/>
        <line num="14" count="1" type="cond" truecount="1" falsecount="1"/>
        <line num="15" count="1" type="stmt"/>
        <line num="18" count="6" type="stmt"/>
      </file>
    </package>
  </project>
</coverage>
