{"/mnt/c/Users/deanf/OneDrive/2026/University/Courses/COMS/Sem 1/SD/Project/Ubuntu Health/clinic-system/client/app.jsx": {"path":"/mnt/c/Users/deanf/OneDrive/2026/University/Courses/COMS/Sem 1/SD/Project/Ubuntu Health/clinic-system/client/app.jsx","statementMap":{"0":{"start":{"line":12,"column":2},"end":{"line":49,"column":3}}},"fnMap":{"0":{"name":"App","decl":{"start":{"line":11,"column":24},"end":{"line":11,"column":27}},"loc":{"start":{"line":11,"column":30},"end":{"line":50,"column":1}},"line":11}},"branchMap":{},"s":{"0":7},"f":{"0":7},"b":{},"_coverageSchema":"1a1c01bbd47fc00a2c39e90264f33305004495a9","hash":"ec6faa846c4ddfea3256c9554fd94c10c4f95e45"}
,"/mnt/c/Users/deanf/OneDrive/2026/University/Courses/COMS/Sem 1/SD/Project/Ubuntu Health/clinic-system/client/src/Utils/Permissions.js": {"path":"/mnt/c/Users/deanf/OneDrive/2026/University/Courses/COMS/Sem 1/SD/Project/Ubuntu Health/clinic-system/client/src/Utils/Permissions.js","statementMap":{"0":{"start":{"line":1,"column":32},"end":{"line":5,"column":1}},"1":{"start":{"line":8,"column":2},"end":{"line":8,"column":57}}},"fnMap":{"0":{"name":"canAccess","decl":{"start":{"line":7,"column":16},"end":{"line":7,"column":25}},"loc":{"start":{"line":7,"column":39},"end":{"line":9,"column":1}},"line":7}},"branchMap":{"0":{"loc":{"start":{"line":8,"column":9},"end":{"line":8,"column":57}},"type":"binary-expr","locations":[{"start":{"line":8,"column":9},"end":{"line":8,"column":48}},{"start":{"line":8,"column":52},"end":{"line":8,"column":57}}],"line":8}},"s":{"0":1,"1":33},"f":{"0":33},"b":{"0":[33,6]},"_coverageSchema":"1a1c01bbd47fc00a2c39e90264f33305004495a9","hash":"9f5b9b542075bbf07be66571d28c4463bcb80875"}
,"/mnt/c/Users/deanf/OneDrive/2026/University/Courses/COMS/Sem 1/SD/Project/Ubuntu Health/clinic-system/client/src/components/Layout.jsx": {"path":"/mnt/c/Users/deanf/OneDrive/2026/University/Courses/COMS/Sem 1/SD/Project/Ubuntu Health/clinic-system/client/src/components/Layout.jsx","statementMap":{"0":{"start":{"line":5,"column":15},"end":{"line":130,"column":1}},"1":{"start":{"line":133,"column":33},"end":{"line":133,"column":42}},"2":{"start":{"line":134,"column":19},"end":{"line":134,"column":32}},"3":{"start":{"line":136,"column":22},"end":{"line":136,"column":52}},"4":{"start":{"line":138,"column":23},"end":{"line":140,"column":3}},"5":{"start":{"line":139,"column":4},"end":{"line":139,"column":18}},"6":{"start":{"line":142,"column":2},"end":{"line":185,"column":3}}},"fnMap":{"0":{"name":"Layout","decl":{"start":{"line":132,"column":24},"end":{"line":132,"column":30}},"loc":{"start":{"line":132,"column":33},"end":{"line":186,"column":1}},"line":132},"1":{"name":"(anonymous_1)","decl":{"start":{"line":138,"column":23},"end":{"line":138,"column":24}},"loc":{"start":{"line":138,"column":35},"end":{"line":140,"column":3}},"line":138}},"branchMap":{"0":{"loc":{"start":{"line":146,"column":7},"end":{"line":179,"column":7}},"type":"binary-expr","locations":[{"start":{"line":146,"column":7},"end":{"line":146,"column":19}},{"start":{"line":147,"column":8},"end":{"line":178,"column":17}}],"line":146},"1":{"loc":{"start":{"line":155,"column":15},"end":{"line":157,"column":15}},"type":"binary-expr","locations":[{"start":{"line":155,"column":15},"end":{"line":155,"column":40}},{"start":{"line":156,"column":16},"end":{"line":156,"column":64}}],"line":155},"2":{"loc":{"start":{"line":159,"column":15},"end":{"line":161,"column":15}},"type":"binary-expr","locations":[{"start":{"line":159,"column":15},"end":{"line":159,"column":39}},{"start":{"line":160,"column":16},"end":{"line":160,"column":61}}],"line":159},"3":{"loc":{"start":{"line":163,"column":15},"end":{"line":165,"column":15}},"type":"binary-expr","locations":[{"start":{"line":163,"column":15},"end":{"line":163,"column":39}},{"start":{"line":164,"column":16},"end":{"line":164,"column":61}}],"line":163},"4":{"loc":{"start":{"line":168,"column":13},"end":{"line":176,"column":13}},"type":"binary-expr","locations":[{"start":{"line":168,"column":13},"end":{"line":168,"column":17}},{"start":{"line":169,"column":14},"end":{"line":175,"column":21}}],"line":168},"5":{"loc":{"start":{"line":181,"column":23},"end":{"line":181,"column":51}},"type":"cond-expr","locations":[{"start":{"line":181,"column":37},"end":{"line":181,"column":39}},{"start":{"line":181,"column":42},"end":{"line":181,"column":51}}],"line":181}},"s":{"0":1,"1":9,"2":9,"3":9,"4":9,"5":0,"6":9},"f":{"0":9,"1":0},"b":{"0":[9,9],"1":[9,7],"2":[9,2],"3":[9,1],"4":[9,7],"5":[0,9]},"_coverageSchema":"1a1c01bbd47fc00a2c39e90264f33305004495a9","hash":"9a11ca51a7d3671b4b1a0cf25ac5c0c628a904a2"}
,"/mnt/c/Users/deanf/OneDrive/2026/University/Courses/COMS/Sem 1/SD/Project/Ubuntu Health/clinic-system/client/src/components/ProtectedRoute.jsx": {"path":"/mnt/c/Users/deanf/OneDrive/2026/University/Courses/COMS/Sem 1/SD/Project/Ubuntu Health/clinic-system/client/src/components/ProtectedRoute.jsx","statementMap":{"0":{"start":{"line":6,"column":34},"end":{"line":6,"column":43}},"1":{"start":{"line":8,"column":2},"end":{"line":8,"column":39}},"2":{"start":{"line":8,"column":15},"end":{"line":8,"column":39}},"3":{"start":{"line":10,"column":2},"end":{"line":10,"column":52}},"4":{"start":{"line":10,"column":13},"end":{"line":10,"column":52}},"5":{"start":{"line":12,"column":2},"end":{"line":16,"column":3}},"6":{"start":{"line":13,"column":4},"end":{"line":13,"column":65}},"7":{"start":{"line":13,"column":26},"end":{"line":13,"column":65}},"8":{"start":{"line":14,"column":4},"end":{"line":14,"column":65}},"9":{"start":{"line":14,"column":26},"end":{"line":14,"column":65}},"10":{"start":{"line":15,"column":4},"end":{"line":15,"column":44}},"11":{"start":{"line":18,"column":2},"end":{"line":18,"column":17}}},"fnMap":{"0":{"name":"ProtectedRoute","decl":{"start":{"line":5,"column":24},"end":{"line":5,"column":38}},"loc":{"start":{"line":5,"column":64},"end":{"line":19,"column":1}},"line":5}},"branchMap":{"0":{"loc":{"start":{"line":8,"column":2},"end":{"line":8,"column":39}},"type":"if","locations":[{"start":{"line":8,"column":2},"end":{"line":8,"column":39}},{"start":{},"end":{}}],"line":8},"1":{"loc":{"start":{"line":10,"column":2},"end":{"line":10,"column":52}},"type":"if","locations":[{"start":{"line":10,"column":2},"end":{"line":10,"column":52}},{"start":{},"end":{}}],"line":10},"2":{"loc":{"start":{"line":12,"column":2},"end":{"line":16,"column":3}},"type":"if","locations":[{"start":{"line":12,"column":2},"end":{"line":16,"column":3}},{"start":{},"end":{}}],"line":12},"3":{"loc":{"start":{"line":13,"column":4},"end":{"line":13,"column":65}},"type":"if","locations":[{"start":{"line":13,"column":4},"end":{"line":13,"column":65}},{"start":{},"end":{}}],"line":13},"4":{"loc":{"start":{"line":14,"column":4},"end":{"line":14,"column":65}},"type":"if","locations":[{"start":{"line":14,"column":4},"end":{"line":14,"column":65}},{"start":{},"end":{}}],"line":14}},"s":{"0":8,"1":8,"2":1,"3":7,"4":1,"5":6,"6":1,"7":0,"8":1,"9":0,"10":1,"11":5},"f":{"0":8},"b":{"0":[1,7],"1":[1,6],"2":[1,5],"3":[0,1],"4":[0,1]},"_coverageSchema":"1a1c01bbd47fc00a2c39e90264f33305004495a9","hash":"1565aa896170663355b00610807e15f2e2557bb7"}
}
