TN:
SF:src/app.jsx
FN:11,App
FNF:1
FNH:1
FNDA:7,App
DA:12,7
LF:1
LH:1
BRF:0
BRH:0
end_of_record
TN:
SF:src/Utils/Permissions.js
FN:7,canAccess
FNF:1
FNH:1
FNDA:33,canAccess
DA:1,1
DA:8,33
LF:2
LH:2
BRDA:8,0,0,33
BRDA:8,0,1,6
BRF:2
BRH:2
end_of_record
TN:
SF:src/components/Layout.jsx
FN:148,Layout
FN:154,(anonymous_1)
FN:158,(anonymous_2)
FN:197,(anonymous_3)
FN:205,(anonymous_4)
FNF:5
FNH:1
FNDA:9,Layout
FNDA:0,(anonymous_1)
FNDA:0,(anonymous_2)
FNDA:0,(anonymous_3)
FNDA:0,(anonymous_4)
DA:5,1
DA:149,9
DA:150,9
DA:152,9
DA:154,9
DA:155,0
DA:158,9
DA:159,0
DA:162,9
DA:163,9
DA:165,9
DA:197,0
DA:205,0
LF:13
LH:9
BRDA:169,0,0,9
BRDA:169,0,1,9
BRDA:178,1,0,9
BRDA:178,1,1,1
BRDA:181,2,0,9
BRDA:181,2,1,2
BRDA:185,3,0,9
BRDA:185,3,1,7
BRDA:193,4,0,9
BRDA:193,4,1,7
BRDA:195,5,0,7
BRDA:195,5,1,5
BRDA:203,6,0,7
BRDA:203,6,1,1
BRDA:222,7,0,0
BRDA:222,7,1,9
BRF:16
BRH:15
end_of_record
TN:
SF:src/components/ProtectedRoute.jsx
FN:5,ProtectedRoute
FNF:1
FNH:1
FNDA:8,ProtectedRoute
DA:6,8
DA:8,8
DA:10,7
DA:12,6
DA:13,1
DA:14,1
DA:15,1
DA:18,5
LF:8
LH:8
BRDA:8,0,0,1
BRDA:8,0,1,7
BRDA:10,1,0,1
BRDA:10,1,1,6
BRDA:12,2,0,1
BRDA:12,2,1,5
BRDA:13,3,0,0
BRDA:13,3,1,1
BRDA:14,4,0,0
BRDA:14,4,1,1
BRF:10
BRH:8
end_of_record
