TN:
SF:src/app.jsx
FN:14,App
FNF:1
FNH:1
FNDA:8,App
DA:15,8
LF:1
LH:1
BRF:0
BRH:0
end_of_record
TN:
SF:src/Utils/Permissions.js
FN:7,canAccess
FNF:1
FNH:1
FNDA:37,canAccess
DA:1,1
DA:8,37
LF:2
LH:2
BRDA:8,0,0,37
BRDA:8,0,1,6
BRF:2
BRH:2
end_of_record
TN:
SF:src/components/Layout.jsx
FN:151,Layout
FN:160,(anonymous_1)
FN:211,(anonymous_2)
FN:222,(anonymous_3)
FN:233,(anonymous_4)
FNF:5
FNH:5
FNDA:18,Layout
FNDA:1,(anonymous_1)
FNDA:1,(anonymous_2)
FNDA:1,(anonymous_3)
FNDA:1,(anonymous_4)
DA:6,2
DA:152,18
DA:153,18
DA:154,18
DA:156,18
DA:157,18
DA:158,18
DA:160,18
DA:161,1
DA:164,18
DA:165,18
DA:167,18
DA:169,18
DA:211,1
DA:222,1
DA:233,1
LF:16
LH:16
BRDA:167,0,0,18
BRDA:167,0,1,15
BRDA:173,1,0,18
BRDA:173,1,1,17
BRDA:185,2,0,17
BRDA:185,2,1,17
BRDA:188,3,0,0
BRDA:188,3,1,17
BRDA:190,4,0,17
BRDA:190,4,1,8
BRDA:193,5,0,17
BRDA:193,5,1,9
BRDA:196,6,0,17
BRDA:196,6,1,15
BRDA:199,7,0,17
BRDA:199,7,1,15
BRDA:205,8,0,17
BRDA:205,8,1,15
BRDA:207,9,0,15
BRDA:207,9,1,12
BRDA:207,9,2,3
BRDA:218,10,0,15
BRDA:218,10,1,15
BRDA:218,10,2,11
BRDA:229,11,0,15
BRDA:229,11,1,15
BRDA:229,11,2,3
BRDA:240,12,0,15
BRDA:240,12,1,15
BRDA:256,13,0,1
BRDA:256,13,1,17
BRF:31
BRH:30
end_of_record
TN:
SF:src/components/ProtectedRoute.jsx
FN:5,ProtectedRoute
FNF:1
FNH:1
FNDA:15,ProtectedRoute
DA:6,15
DA:8,15
DA:10,13
DA:12,11
DA:13,4
DA:14,3
DA:15,2
DA:18,7
LF:8
LH:8
BRDA:8,0,0,2
BRDA:8,0,1,13
BRDA:10,1,0,2
BRDA:10,1,1,11
BRDA:12,2,0,4
BRDA:12,2,1,7
BRDA:13,3,0,1
BRDA:13,3,1,3
BRDA:14,4,0,1
BRDA:14,4,1,2
BRF:10
BRH:10
end_of_record
TN:
SF:src/components/QueueNotifications.jsx
FN:77,getNotificationMessage
FN:81,triggerBrowserNotification
FN:124,playNotificationSound
FN:139,(anonymous_3)
FN:150,(anonymous_4)
FN:158,formatNotificationTime
FN:173,getDisplayedNotificationsKey
FN:177,getDisplayedNotificationIds
FN:189,markNotificationDisplayed
FN:204,QueueNotifications
FN:212,(anonymous_10)
FN:220,(anonymous_11)
FN:241,(anonymous_12)
FN:244,(anonymous_13)
FN:249,(anonymous_14)
FN:266,(anonymous_15)
FN:319,(anonymous_16)
FN:323,(anonymous_17)
FN:327,(anonymous_18)
FN:330,(anonymous_19)
FN:333,(anonymous_20)
FN:337,(anonymous_21)
FN:356,(anonymous_22)
FNF:23
FNH:16
FNDA:9,getNotificationMessage
FNDA:2,triggerBrowserNotification
FNDA:2,playNotificationSound
FNDA:0,(anonymous_3)
FNDA:0,(anonymous_4)
FNDA:5,formatNotificationTime
FNDA:7,getDisplayedNotificationsKey
FNDA:5,getDisplayedNotificationIds
FNDA:2,markNotificationDisplayed
FNDA:14,QueueNotifications
FNDA:5,(anonymous_10)
FNDA:5,(anonymous_11)
FNDA:0,(anonymous_12)
FNDA:0,(anonymous_13)
FNDA:5,(anonymous_14)
FNDA:0,(anonymous_15)
FNDA:5,(anonymous_16)
FNDA:0,(anonymous_17)
FNDA:5,(anonymous_18)
FNDA:7,(anonymous_19)
FNDA:0,(anonymous_20)
FNDA:2,(anonymous_21)
FNDA:3,(anonymous_22)
DA:6,1
DA:8,1
DA:15,1
DA:16,1
DA:18,1
DA:78,9
DA:82,2
DA:90,2
DA:91,0
DA:92,0
DA:95,2
DA:96,0
DA:97,0
DA:100,2
DA:102,0
DA:105,0
DA:108,2
DA:109,2
DA:113,2
DA:120,0
DA:125,2
DA:128,2
DA:130,0
DA:131,0
DA:132,0
DA:134,0
DA:135,0
DA:136,0
DA:137,0
DA:139,0
DA:140,0
DA:141,0
DA:143,0
DA:144,0
DA:145,0
DA:146,0
DA:147,0
DA:150,0
DA:151,0
DA:154,0
DA:159,5
DA:162,5
DA:166,5
DA:174,7
DA:178,5
DA:180,5
DA:182,5
DA:183,5
DA:185,0
DA:190,2
DA:192,2
DA:193,2
DA:194,2
DA:195,2
DA:205,14
DA:206,14
DA:207,14
DA:208,14
DA:209,14
DA:210,14
DA:212,14
DA:214,5
DA:215,5
DA:216,5
DA:220,14
DA:221,5
DA:228,5
DA:229,0
DA:230,0
DA:233,5
DA:234,5
DA:237,5
DA:240,0
DA:242,0
DA:245,0
DA:249,14
DA:250,5
DA:251,1
DA:252,1
DA:253,1
DA:255,1
DA:258,4
DA:259,4
DA:260,4
DA:262,4
DA:265,4
DA:266,4
DA:268,4
DA:269,1
DA:272,3
DA:276,3
DA:278,0
DA:279,0
DA:280,0
DA:281,0
DA:284,3
DA:286,3
DA:288,3
DA:289,3
DA:290,3
DA:293,3
DA:297,2
DA:302,2
DA:303,2
DA:304,2
DA:305,2
DA:308,3
DA:313,1
DA:315,4
DA:319,14
DA:320,5
DA:323,5
DA:324,0
DA:327,5
DA:330,14
DA:331,7
DA:333,2
DA:334,0
DA:337,2
DA:340,14
DA:357,3
LF:121
LH:84
BRDA:78,0,0,9
BRDA:78,0,1,0
BRDA:85,1,0,2
BRDA:85,1,1,0
BRDA:90,2,0,0
BRDA:90,2,1,2
BRDA:95,3,0,0
BRDA:95,3,1,2
BRDA:100,4,0,0
BRDA:100,4,1,2
BRDA:125,5,0,2
BRDA:125,5,1,2
BRDA:128,6,0,2
BRDA:128,6,1,0
BRDA:159,7,0,0
BRDA:159,7,1,5
BRDA:162,8,0,0
BRDA:162,8,1,5
BRDA:178,9,0,0
BRDA:178,9,1,5
BRDA:182,10,0,5
BRDA:182,10,1,4
BRDA:183,11,0,5
BRDA:183,11,1,0
BRDA:190,12,0,0
BRDA:190,12,1,2
BRDA:190,13,0,2
BRDA:190,13,1,2
BRDA:223,14,0,5
BRDA:223,14,1,0
BRDA:228,15,0,0
BRDA:228,15,1,5
BRDA:233,16,0,5
BRDA:233,16,1,0
BRDA:249,17,0,0
BRDA:249,18,0,0
BRDA:250,19,0,1
BRDA:250,19,1,4
BRDA:250,20,0,5
BRDA:250,20,1,5
BRDA:259,21,0,4
BRDA:259,21,1,0
BRDA:268,22,0,1
BRDA:268,22,1,3
BRDA:269,23,0,1
BRDA:269,23,1,0
BRDA:272,24,0,3
BRDA:272,24,1,0
BRDA:276,25,0,0
BRDA:276,25,1,3
BRDA:288,26,0,3
BRDA:288,26,1,0
BRDA:293,27,0,2
BRDA:293,27,1,1
BRDA:294,28,0,3
BRDA:294,28,1,3
BRDA:313,29,0,1
BRDA:313,29,1,0
BRDA:315,30,0,4
BRDA:315,30,1,0
BRDA:331,31,0,5
BRDA:331,31,1,2
BRDA:345,32,0,14
BRDA:345,32,1,4
BRDA:346,33,0,14
BRDA:346,33,1,1
BRDA:351,34,0,14
BRDA:351,34,1,10
BRDA:351,34,2,9
BRDA:351,34,3,6
BRDA:354,35,0,14
BRDA:354,35,1,10
BRDA:354,35,2,9
BRDA:354,35,3,3
BRDA:372,36,0,14
BRDA:372,36,1,2
BRF:76
BRH:53
end_of_record
TN:
SF:src/context/AuthContext.jsx
FN:7,AuthProvider
FN:14,fetchOrCreateUser
FN:59,restoreSession
FN:79,(anonymous_3)
FN:83,init
FN:106,(anonymous_5)
FN:109,(anonymous_6)
FN:116,(anonymous_7)
FN:122,loginWithGoogle
FN:144,logout
FN:164,(anonymous_10)
FN:228,useAuth
FNF:12
FNH:8
FNDA:12,AuthProvider
FNDA:0,fetchOrCreateUser
FNDA:5,restoreSession
FNDA:5,(anonymous_3)
FNDA:5,init
FNDA:0,(anonymous_5)
FNDA:0,(anonymous_6)
FNDA:5,(anonymous_7)
FNDA:1,loginWithGoogle
FNDA:1,logout
FNDA:0,(anonymous_10)
FNDA:8,useAuth
DA:5,1
DA:9,12
DA:10,12
DA:11,12
DA:12,12
DA:15,0
DA:16,0
DA:22,0
DA:24,0
DA:25,0
DA:27,0
DA:28,0
DA:30,0
DA:33,0
DA:44,0
DA:46,0
DA:47,0
DA:49,0
DA:51,0
DA:52,0
DA:53,0
DA:54,0
DA:60,5
DA:61,5
DA:62,5
DA:64,5
DA:65,0
DA:67,5
DA:70,0
DA:71,0
DA:72,0
DA:73,0
DA:75,5
DA:79,12
DA:80,5
DA:84,5
DA:85,5
DA:87,5
DA:88,5
DA:90,5
DA:92,0
DA:93,0
DA:94,0
DA:95,0
DA:96,0
DA:97,0
DA:102,5
DA:106,5
DA:107,0
DA:109,0
DA:110,0
DA:111,0
DA:116,5
DA:117,5
DA:118,5
DA:123,1
DA:124,1
DA:126,1
DA:127,1
DA:134,1
DA:135,0
DA:136,0
DA:139,0
DA:140,0
DA:145,1
DA:147,1
DA:148,1
DA:150,1
DA:151,0
DA:152,0
DA:153,0
DA:155,1
DA:156,1
DA:157,1
DA:159,0
DA:160,0
DA:164,12
DA:165,0
DA:166,0
DA:167,0
DA:170,0
DA:171,0
DA:172,0
DA:175,0
DA:176,0
DA:179,0
DA:187,0
DA:189,0
DA:190,0
DA:193,0
DA:201,0
DA:203,0
DA:205,0
DA:206,0
DA:210,12
DA:229,8
LF:96
LH:38
BRDA:22,0,0,0
BRDA:22,0,1,0
BRDA:24,1,0,0
BRDA:24,1,1,0
BRDA:38,2,0,0
BRDA:38,2,1,0
BRDA:44,3,0,0
BRDA:44,3,1,0
BRDA:61,4,0,5
BRDA:61,4,1,5
BRDA:64,5,0,0
BRDA:64,5,1,5
BRDA:87,6,0,0
BRDA:87,6,1,5
BRDA:88,7,0,0
BRDA:88,7,1,5
BRDA:93,8,0,0
BRDA:93,8,1,0
BRDA:107,9,0,0
BRDA:107,9,1,0
BRDA:110,10,0,0
BRDA:110,10,1,0
BRDA:134,11,0,0
BRDA:134,11,1,1
BRDA:150,12,0,0
BRDA:150,12,1,1
BRDA:166,13,0,0
BRDA:166,13,1,0
BRDA:171,14,0,0
BRDA:171,14,1,0
BRDA:175,15,0,0
BRDA:175,15,1,0
BRDA:187,16,0,0
BRDA:187,16,1,0
BRDA:189,17,0,0
BRDA:189,17,1,0
BRDA:201,18,0,0
BRDA:201,18,1,0
BRDA:206,19,0,0
BRDA:206,19,1,0
BRF:40
BRH:7
end_of_record
TN:
SF:src/lib/getApiBase.js
FN:1,getApiBase
FNF:1
FNH:1
FNDA:2,getApiBase
DA:2,2
LF:1
LH:1
BRDA:3,0,0,2
BRDA:3,0,1,2
BRDA:4,1,0,2
BRDA:4,1,1,0
BRF:4
BRH:3
end_of_record
TN:
SF:src/lib/supabase.js
FNF:0
FNH:0
DA:5,0
DA:6,0
DA:8,0
DA:9,0
DA:13,0
LF:5
LH:0
BRDA:8,0,0,0
BRDA:8,0,1,0
BRDA:8,1,0,0
BRDA:8,1,1,0
BRF:4
BRH:0
end_of_record
TN:
SF:src/pages/AdminDashboard.jsx
FN:33,createEmptyOperatingHours
FN:34,(anonymous_1)
FN:422,readApiResponse
FN:434,formatClinicOperatingHours
FN:443,(anonymous_4)
FN:455,normaliseOperatingHours
FN:462,(anonymous_6)
FN:476,(anonymous_7)
FN:495,buildOperatingHoursPayload
FN:496,(anonymous_9)
FN:513,AdminDashboard
FN:541,(anonymous_11)
FN:542,(anonymous_12)
FN:544,(anonymous_13)
FN:545,loadRoleRequests
FN:575,loadAssignmentData
FN:604,(anonymous_16)
FN:620,(anonymous_17)
FN:641,handleClinicFormChange
FN:644,(anonymous_19)
FN:650,handleClinicSelect
FN:658,(anonymous_21)
FN:662,handleOperatingHoursChange
FN:663,(anonymous_23)
FN:672,handleClosedToggle
FN:673,(anonymous_25)
FN:683,approveRoleRequest
FN:705,(anonymous_27)
FN:706,(anonymous_28)
FN:716,rejectRoleRequest
FN:738,(anonymous_30)
FN:739,(anonymous_31)
FN:749,saveClinicChanges
FN:772,(anonymous_33)
FN:783,(anonymous_34)
FN:784,(anonymous_35)
FN:799,assignStaffToClinic
FN:833,(anonymous_37)
FN:834,(anonymous_38)
FN:849,unassignStaffFromClinic
FN:877,(anonymous_40)
FN:878,(anonymous_41)
FN:958,(anonymous_42)
FN:971,(anonymous_43)
FN:981,(anonymous_44)
FN:1023,(anonymous_45)
FN:1032,(anonymous_46)
FN:1035,(anonymous_47)
FN:1078,(anonymous_48)
FN:1087,(anonymous_49)
FN:1105,(anonymous_50)
FN:1108,(anonymous_51)
FN:1170,(anonymous_52)
FN:1226,(anonymous_53)
FN:1237,(anonymous_54)
FN:1247,(anonymous_55)
FN:1255,(anonymous_56)
FNF:57
FNH:17
FNDA:27,createEmptyOperatingHours
FNDA:189,(anonymous_1)
FNDA:20,readApiResponse
FNDA:0,formatClinicOperatingHours
FNDA:0,(anonymous_4)
FNDA:0,normaliseOperatingHours
FNDA:0,(anonymous_6)
FNDA:0,(anonymous_7)
FNDA:0,buildOperatingHoursPayload
FNDA:0,(anonymous_9)
FNDA:22,AdminDashboard
FNDA:0,(anonymous_11)
FNDA:0,(anonymous_12)
FNDA:6,(anonymous_13)
FNDA:6,loadRoleRequests
FNDA:6,loadAssignmentData
FNDA:0,(anonymous_16)
FNDA:6,(anonymous_17)
FNDA:0,handleClinicFormChange
FNDA:0,(anonymous_19)
FNDA:0,handleClinicSelect
FNDA:0,(anonymous_21)
FNDA:0,handleOperatingHoursChange
FNDA:0,(anonymous_23)
FNDA:0,handleClosedToggle
FNDA:0,(anonymous_25)
FNDA:1,approveRoleRequest
FNDA:1,(anonymous_27)
FNDA:1,(anonymous_28)
FNDA:1,rejectRoleRequest
FNDA:1,(anonymous_30)
FNDA:1,(anonymous_31)
FNDA:0,saveClinicChanges
FNDA:0,(anonymous_33)
FNDA:0,(anonymous_34)
FNDA:0,(anonymous_35)
FNDA:0,assignStaffToClinic
FNDA:0,(anonymous_37)
FNDA:0,(anonymous_38)
FNDA:0,unassignStaffFromClinic
FNDA:0,(anonymous_40)
FNDA:0,(anonymous_41)
FNDA:5,(anonymous_42)
FNDA:1,(anonymous_43)
FNDA:1,(anonymous_44)
FNDA:0,(anonymous_45)
FNDA:0,(anonymous_46)
FNDA:0,(anonymous_47)
FNDA:0,(anonymous_48)
FNDA:0,(anonymous_49)
FNDA:0,(anonymous_50)
FNDA:0,(anonymous_51)
FNDA:0,(anonymous_52)
FNDA:0,(anonymous_53)
FNDA:0,(anonymous_54)
FNDA:0,(anonymous_55)
FNDA:0,(anonymous_56)
DA:5,1
DA:15,1
DA:24,1
DA:34,27
DA:35,189
DA:40,189
DA:44,1
DA:423,20
DA:425,20
DA:427,20
DA:428,20
DA:430,0
DA:435,0
DA:436,0
DA:439,0
DA:440,0
DA:443,0
DA:444,0
DA:456,0
DA:458,0
DA:459,0
DA:462,0
DA:463,0
DA:465,0
DA:466,0
DA:469,0
DA:470,0
DA:471,0
DA:472,0
DA:473,0
DA:476,0
DA:477,0
DA:482,0
DA:485,0
DA:492,0
DA:496,0
DA:497,0
DA:499,0
DA:500,0
DA:501,0
DA:504,0
DA:509,0
DA:514,22
DA:515,22
DA:517,22
DA:518,21
DA:519,21
DA:520,21
DA:521,21
DA:523,21
DA:524,21
DA:525,21
DA:526,21
DA:528,21
DA:529,21
DA:531,21
DA:532,21
DA:533,21
DA:535,21
DA:536,21
DA:537,21
DA:538,21
DA:539,21
DA:541,21
DA:542,21
DA:544,21
DA:546,6
DA:548,6
DA:549,6
DA:550,6
DA:552,6
DA:561,6
DA:563,6
DA:564,1
DA:567,5
DA:569,1
DA:571,6
DA:576,6
DA:578,6
DA:579,6
DA:580,6
DA:582,6
DA:591,6
DA:592,6
DA:594,6
DA:595,0
DA:598,6
DA:599,0
DA:602,6
DA:603,6
DA:605,0
DA:606,0
DA:610,0
DA:612,6
DA:616,6
DA:617,6
DA:620,21
DA:621,6
DA:622,6
DA:623,6
DA:624,6
DA:627,0
DA:638,0
DA:642,0
DA:644,0
DA:651,0
DA:652,0
DA:653,0
DA:654,0
DA:655,0
DA:656,0
DA:658,0
DA:659,0
DA:663,0
DA:673,0
DA:684,1
DA:685,1
DA:687,1
DA:688,1
DA:699,1
DA:701,1
DA:702,0
DA:705,1
DA:706,1
DA:708,1
DA:710,0
DA:712,1
DA:717,1
DA:718,1
DA:720,1
DA:721,1
DA:732,1
DA:734,1
DA:735,0
DA:738,1
DA:739,1
DA:741,1
DA:743,0
DA:745,1
DA:750,0
DA:751,0
DA:752,0
DA:755,0
DA:756,0
DA:757,0
DA:759,0
DA:760,0
DA:772,0
DA:777,0
DA:779,0
DA:780,0
DA:783,0
DA:784,0
DA:785,0
DA:790,0
DA:791,0
DA:793,0
DA:795,0
DA:800,0
DA:801,0
DA:802,0
DA:805,0
DA:806,0
DA:807,0
DA:809,0
DA:810,0
DA:825,0
DA:827,0
DA:828,0
DA:831,0
DA:833,0
DA:834,0
DA:835,0
DA:841,0
DA:843,0
DA:845,0
DA:850,0
DA:851,0
DA:852,0
DA:854,0
DA:855,0
DA:869,0
DA:871,0
DA:872,0
DA:875,0
DA:877,0
DA:878,0
DA:879,0
DA:885,0
DA:887,0
DA:891,21
DA:959,5
DA:971,1
DA:981,1
DA:1024,0
DA:1025,0
DA:1032,0
DA:1036,0
DA:1079,0
DA:1087,0
DA:1105,0
DA:1109,0
DA:1171,0
DA:1227,0
DA:1237,0
DA:1247,0
DA:1255,0
LF:207
LH:89
BRDA:425,0,0,0
BRDA:425,0,1,20
BRDA:430,1,0,0
BRDA:430,1,1,0
BRDA:435,2,0,0
BRDA:435,2,1,0
BRDA:439,3,0,0
BRDA:439,3,1,0
BRDA:446,4,0,0
BRDA:446,4,1,0
BRDA:448,5,0,0
BRDA:448,5,1,0
BRDA:448,6,0,0
BRDA:448,6,1,0
BRDA:458,7,0,0
BRDA:458,7,1,0
BRDA:458,8,0,0
BRDA:458,8,1,0
BRDA:465,9,0,0
BRDA:465,9,1,0
BRDA:469,10,0,0
BRDA:469,10,1,0
BRDA:471,11,0,0
BRDA:471,11,1,0
BRDA:476,12,0,0
BRDA:476,13,0,0
BRDA:480,14,0,0
BRDA:480,14,1,0
BRDA:486,15,0,0
BRDA:486,15,1,0
BRDA:487,16,0,0
BRDA:487,16,1,0
BRDA:488,17,0,0
BRDA:488,17,1,0
BRDA:499,18,0,0
BRDA:499,18,1,0
BRDA:499,19,0,0
BRDA:499,19,1,0
BRDA:499,19,2,0
BRDA:499,19,3,0
BRDA:546,20,0,0
BRDA:546,20,1,6
BRDA:563,21,0,1
BRDA:563,21,1,5
BRDA:564,22,0,1
BRDA:564,22,1,0
BRDA:567,23,0,5
BRDA:567,23,1,0
BRDA:569,24,0,1
BRDA:569,24,1,0
BRDA:576,25,0,0
BRDA:576,25,1,6
BRDA:594,26,0,0
BRDA:594,26,1,6
BRDA:595,27,0,0
BRDA:595,27,1,0
BRDA:598,28,0,0
BRDA:598,28,1,6
BRDA:599,29,0,0
BRDA:599,29,1,0
BRDA:602,30,0,6
BRDA:602,30,1,6
BRDA:604,31,0,6
BRDA:604,31,1,6
BRDA:606,32,0,0
BRDA:606,32,1,0
BRDA:606,32,2,0
BRDA:610,33,0,0
BRDA:610,33,1,0
BRDA:621,34,0,6
BRDA:621,34,1,0
BRDA:628,35,0,0
BRDA:628,35,1,0
BRDA:629,36,0,0
BRDA:629,36,1,0
BRDA:630,37,0,0
BRDA:630,37,1,0
BRDA:631,38,0,0
BRDA:631,38,1,0
BRDA:632,39,0,0
BRDA:632,39,1,0
BRDA:633,40,0,0
BRDA:633,40,1,0
BRDA:635,41,0,0
BRDA:635,41,1,0
BRDA:658,42,0,0
BRDA:658,42,1,0
BRDA:676,43,0,0
BRDA:676,43,1,0
BRDA:677,44,0,0
BRDA:677,44,1,0
BRDA:701,45,0,0
BRDA:701,45,1,1
BRDA:702,46,0,0
BRDA:702,46,1,0
BRDA:710,47,0,0
BRDA:710,47,1,0
BRDA:734,48,0,0
BRDA:734,48,1,1
BRDA:735,49,0,0
BRDA:735,49,1,0
BRDA:743,50,0,0
BRDA:743,50,1,0
BRDA:750,51,0,0
BRDA:750,51,1,0
BRDA:779,52,0,0
BRDA:779,52,1,0
BRDA:780,53,0,0
BRDA:780,53,1,0
BRDA:785,54,0,0
BRDA:785,54,1,0
BRDA:793,55,0,0
BRDA:793,55,1,0
BRDA:800,56,0,0
BRDA:800,56,1,0
BRDA:800,57,0,0
BRDA:800,57,1,0
BRDA:827,58,0,0
BRDA:827,58,1,0
BRDA:828,59,0,0
BRDA:828,59,1,0
BRDA:831,60,0,0
BRDA:831,60,1,0
BRDA:835,61,0,0
BRDA:835,61,1,0
BRDA:843,62,0,0
BRDA:843,62,1,0
BRDA:871,63,0,0
BRDA:871,63,1,0
BRDA:872,64,0,0
BRDA:872,64,1,0
BRDA:875,65,0,0
BRDA:875,65,1,0
BRDA:879,66,0,0
BRDA:879,66,1,0
BRDA:885,67,0,0
BRDA:885,67,1,0
BRDA:925,68,0,21
BRDA:925,68,1,1
BRDA:931,69,0,21
BRDA:931,69,1,2
BRDA:937,70,0,12
BRDA:937,70,1,9
BRDA:939,71,0,4
BRDA:939,71,1,5
BRDA:960,72,0,5
BRDA:960,72,1,0
BRDA:961,73,0,5
BRDA:961,73,1,0
BRDA:962,74,0,5
BRDA:962,74,1,0
BRDA:1003,75,0,0
BRDA:1003,75,1,21
BRDA:1006,76,0,21
BRDA:1006,76,1,0
BRDA:1012,77,0,21
BRDA:1012,77,1,0
BRDA:1018,78,0,12
BRDA:1018,78,1,9
BRDA:1042,79,0,9
BRDA:1042,79,1,9
BRDA:1049,80,0,9
BRDA:1049,80,1,0
BRDA:1055,81,0,0
BRDA:1055,81,1,0
BRDA:1057,82,0,0
BRDA:1057,82,1,0
BRDA:1073,83,0,0
BRDA:1073,83,1,0
BRDA:1122,84,0,0
BRDA:1122,84,1,0
BRDA:1124,85,0,0
BRDA:1124,85,1,0
BRDA:1136,86,0,0
BRDA:1136,86,1,0
BRDA:1142,87,0,0
BRDA:1142,87,1,0
BRDA:1236,88,0,0
BRDA:1236,88,1,0
BRDA:1245,89,0,0
BRDA:1245,89,1,0
BRDA:1253,90,0,0
BRDA:1253,90,1,0
BRDA:1270,91,0,0
BRDA:1270,91,1,0
BRF:185
BRH:36
end_of_record
TN:
SF:src/pages/BookingPage.jsx
FN:12,generateSlots
FN:25,formatTime
FN:33,formatDate
FN:45,todayStr
FN:430,BookingPage
FN:464,(anonymous_5)
FN:468,(anonymous_6)
FN:469,(anonymous_7)
FN:470,(anonymous_8)
FN:473,(anonymous_9)
FN:474,(anonymous_10)
FN:478,(anonymous_11)
FN:481,(anonymous_12)
FN:489,(anonymous_13)
FN:489,(anonymous_14)
FN:494,validateNewPatient
FN:513,(anonymous_16)
FN:526,handleReviewBooking
FN:533,handleConfirmBooking
FN:589,handleBack
FN:684,(anonymous_20)
FN:687,(anonymous_21)
FN:697,(anonymous_22)
FN:717,(anonymous_23)
FN:732,(anonymous_24)
FN:742,(anonymous_25)
FN:760,(anonymous_26)
FN:781,(anonymous_27)
FN:785,(anonymous_28)
FN:825,(anonymous_29)
FN:864,(anonymous_30)
FNF:31
FNH:0
FNDA:0,generateSlots
FNDA:0,formatTime
FNDA:0,formatDate
FNDA:0,todayStr
FNDA:0,BookingPage
FNDA:0,(anonymous_5)
FNDA:0,(anonymous_6)
FNDA:0,(anonymous_7)
FNDA:0,(anonymous_8)
FNDA:0,(anonymous_9)
FNDA:0,(anonymous_10)
FNDA:0,(anonymous_11)
FNDA:0,(anonymous_12)
FNDA:0,(anonymous_13)
FNDA:0,(anonymous_14)
FNDA:0,validateNewPatient
FNDA:0,(anonymous_16)
FNDA:0,handleReviewBooking
FNDA:0,handleConfirmBooking
FNDA:0,handleBack
FNDA:0,(anonymous_20)
FNDA:0,(anonymous_21)
FNDA:0,(anonymous_22)
FNDA:0,(anonymous_23)
FNDA:0,(anonymous_24)
FNDA:0,(anonymous_25)
FNDA:0,(anonymous_26)
FNDA:0,(anonymous_27)
FNDA:0,(anonymous_28)
FNDA:0,(anonymous_29)
FNDA:0,(anonymous_30)
DA:13,0
DA:14,0
DA:15,0
DA:16,0
DA:17,0
DA:18,0
DA:19,0
DA:22,0
DA:26,0
DA:27,0
DA:28,0
DA:29,0
DA:30,0
DA:34,0
DA:35,0
DA:36,0
DA:46,0
DA:51,1
DA:431,0
DA:432,0
DA:433,0
DA:435,0
DA:438,0
DA:441,0
DA:442,0
DA:445,0
DA:446,0
DA:447,0
DA:448,0
DA:451,0
DA:452,0
DA:453,0
DA:454,0
DA:457,0
DA:458,0
DA:459,0
DA:460,0
DA:461,0
DA:464,0
DA:465,0
DA:466,0
DA:467,0
DA:468,0
DA:470,0
DA:471,0
DA:474,0
DA:478,0
DA:481,0
DA:482,0
DA:486,0
DA:488,0
DA:489,0
DA:495,0
DA:496,0
DA:497,0
DA:499,0
DA:500,0
DA:501,0
DA:503,0
DA:504,0
DA:505,0
DA:506,0
DA:507,0
DA:508,0
DA:510,0
DA:513,0
DA:514,0
DA:515,0
DA:516,0
DA:517,0
DA:518,0
DA:520,0
DA:522,0
DA:527,0
DA:528,0
DA:529,0
DA:534,0
DA:535,0
DA:537,0
DA:538,0
DA:539,0
DA:542,0
DA:543,0
DA:552,0
DA:553,0
DA:554,0
DA:555,0
DA:559,0
DA:570,0
DA:571,0
DA:573,0
DA:579,0
DA:580,0
DA:582,0
DA:584,0
DA:590,0
DA:591,0
DA:593,0
DA:598,0
DA:599,0
DA:618,0
DA:619,0
DA:642,0
DA:684,0
DA:688,0
DA:697,0
DA:717,0
DA:732,0
DA:742,0
DA:760,0
DA:782,0
DA:785,0
DA:825,0
DA:864,0
LF:114
LH:1
BRDA:13,0,0,0
BRDA:13,0,1,0
BRDA:26,1,0,0
BRDA:26,1,1,0
BRDA:28,2,0,0
BRDA:28,2,1,0
BRDA:29,3,0,0
BRDA:29,3,1,0
BRDA:34,4,0,0
BRDA:34,4,1,0
BRDA:435,5,0,0
BRDA:435,5,1,0
BRDA:438,6,0,0
BRDA:438,6,1,0
BRDA:465,7,0,0
BRDA:465,7,1,0
BRDA:470,8,0,0
BRDA:470,8,1,0
BRDA:486,9,0,0
BRDA:486,9,1,0
BRDA:489,10,0,0
BRDA:489,10,1,0
BRDA:499,11,0,0
BRDA:499,11,1,0
BRDA:503,12,0,0
BRDA:503,12,1,0
BRDA:506,13,0,0
BRDA:506,13,1,0
BRDA:514,14,0,0
BRDA:514,14,1,0
BRDA:514,15,0,0
BRDA:514,15,1,0
BRDA:515,16,0,0
BRDA:515,16,1,0
BRDA:516,17,0,0
BRDA:516,17,1,0
BRDA:517,18,0,0
BRDA:517,18,1,0
BRDA:518,19,0,0
BRDA:518,19,1,0
BRDA:527,20,0,0
BRDA:527,20,1,0
BRDA:527,21,0,0
BRDA:527,21,1,0
BRDA:527,21,2,0
BRDA:539,22,0,0
BRDA:539,22,1,0
BRDA:539,23,0,0
BRDA:539,23,1,0
BRDA:542,24,0,0
BRDA:542,24,1,0
BRDA:542,25,0,0
BRDA:542,25,1,0
BRDA:553,26,0,0
BRDA:553,26,1,0
BRDA:553,27,0,0
BRDA:553,27,1,0
BRDA:571,28,0,0
BRDA:571,28,1,0
BRDA:571,29,0,0
BRDA:571,29,1,0
BRDA:582,30,0,0
BRDA:582,30,1,0
BRDA:590,31,0,0
BRDA:590,31,1,0
BRDA:598,32,0,0
BRDA:598,32,1,0
BRDA:618,33,0,0
BRDA:618,33,1,0
BRDA:618,34,0,0
BRDA:618,34,1,0
BRDA:633,35,0,0
BRDA:633,35,1,0
BRDA:667,36,0,0
BRDA:667,36,1,0
BRDA:671,37,0,0
BRDA:671,37,1,0
BRDA:677,38,0,0
BRDA:677,38,1,0
BRDA:704,39,0,0
BRDA:704,39,1,0
BRDA:713,40,0,0
BRDA:713,40,1,0
BRDA:719,41,0,0
BRDA:719,41,1,0
BRDA:728,42,0,0
BRDA:728,42,1,0
BRDA:734,43,0,0
BRDA:734,43,1,0
BRDA:769,44,0,0
BRDA:769,44,1,0
BRDA:774,45,0,0
BRDA:774,45,1,0
BRDA:784,46,0,0
BRDA:784,46,1,0
BRDA:796,47,0,0
BRDA:796,47,1,0
BRDA:819,48,0,0
BRDA:819,48,1,0
BRDA:825,49,0,0
BRDA:825,49,1,0
BRDA:845,50,0,0
BRDA:845,50,1,0
BRDA:849,51,0,0
BRDA:849,51,1,0
BRDA:849,52,0,0
BRDA:849,52,1,0
BRDA:855,53,0,0
BRDA:855,53,1,0
BRDA:874,54,0,0
BRDA:874,54,1,0
BRF:111
BRH:0
end_of_record
TN:
SF:src/pages/LoginPage.jsx
FN:6,LoginPage
FN:11,(anonymous_1)
FN:21,(anonymous_2)
FN:30,handleLogin
FNF:4
FNH:4
FNDA:8,LoginPage
FNDA:7,(anonymous_1)
FNDA:7,(anonymous_2)
FNDA:1,handleLogin
DA:7,8
DA:8,8
DA:9,8
DA:11,8
DA:12,7
DA:14,3
DA:16,3
DA:17,2
DA:18,1
DA:21,8
DA:22,7
DA:24,7
DA:25,1
DA:26,1
DA:31,1
DA:32,1
DA:33,1
DA:36,8
DA:132,1
LF:19
LH:19
BRDA:12,0,0,4
BRDA:12,0,1,3
BRDA:12,1,0,7
BRDA:12,1,1,3
BRDA:16,2,0,1
BRDA:16,2,1,2
BRDA:17,3,0,1
BRDA:17,3,1,1
BRDA:24,4,0,1
BRDA:24,4,1,6
BRDA:24,5,0,7
BRDA:24,5,1,7
BRDA:24,5,2,4
BRDA:104,6,0,8
BRDA:104,6,1,7
BRDA:104,6,2,2
BRDA:105,7,0,2
BRDA:105,7,1,1
BRF:18
BRH:18
end_of_record
TN:
SF:src/pages/PatientDashboard.jsx
FN:275,(anonymous_0)
FN:277,PatientDashboard
FN:281,(anonymous_2)
FN:285,(anonymous_3)
FN:303,(anonymous_4)
FN:304,(anonymous_5)
FN:328,(anonymous_6)
FN:329,(anonymous_7)
FN:332,(anonymous_8)
FN:334,(anonymous_9)
FN:335,(anonymous_10)
FN:338,(anonymous_11)
FN:340,(anonymous_12)
FN:341,(anonymous_13)
FN:342,(anonymous_14)
FN:345,(anonymous_15)
FN:347,(anonymous_16)
FN:348,(anonymous_17)
FN:349,(anonymous_18)
FN:350,(anonymous_19)
FN:353,(anonymous_20)
FN:355,(anonymous_21)
FN:356,(anonymous_22)
FN:357,(anonymous_23)
FN:358,(anonymous_24)
FN:359,(anonymous_25)
FN:363,(anonymous_26)
FN:366,(anonymous_27)
FN:401,(anonymous_28)
FN:407,(anonymous_29)
FN:409,(anonymous_30)
FN:415,(anonymous_31)
FN:417,(anonymous_32)
FN:423,(anonymous_33)
FN:425,(anonymous_34)
FN:431,(anonymous_35)
FN:433,(anonymous_36)
FN:439,(anonymous_37)
FN:441,(anonymous_38)
FN:477,(anonymous_39)
FN:504,(anonymous_40)
FN:512,(anonymous_41)
FN:519,(anonymous_42)
FNF:43
FNH:35
FNDA:40,(anonymous_0)
FNDA:10,PatientDashboard
FNDA:1,(anonymous_2)
FNDA:0,(anonymous_3)
FNDA:5,(anonymous_4)
FNDA:5,(anonymous_5)
FNDA:8,(anonymous_6)
FNDA:2,(anonymous_7)
FNDA:8,(anonymous_8)
FNDA:2,(anonymous_9)
FNDA:2,(anonymous_10)
FNDA:8,(anonymous_11)
FNDA:2,(anonymous_12)
FNDA:2,(anonymous_13)
FNDA:2,(anonymous_14)
FNDA:8,(anonymous_15)
FNDA:2,(anonymous_16)
FNDA:2,(anonymous_17)
FNDA:2,(anonymous_18)
FNDA:2,(anonymous_19)
FNDA:8,(anonymous_20)
FNDA:2,(anonymous_21)
FNDA:2,(anonymous_22)
FNDA:2,(anonymous_23)
FNDA:2,(anonymous_24)
FNDA:2,(anonymous_25)
FNDA:8,(anonymous_26)
FNDA:2,(anonymous_27)
FNDA:0,(anonymous_28)
FNDA:0,(anonymous_29)
FNDA:2,(anonymous_30)
FNDA:0,(anonymous_31)
FNDA:2,(anonymous_32)
FNDA:0,(anonymous_33)
FNDA:2,(anonymous_34)
FNDA:0,(anonymous_35)
FNDA:2,(anonymous_36)
FNDA:0,(anonymous_37)
FNDA:1,(anonymous_38)
FNDA:2,(anonymous_39)
FNDA:1,(anonymous_40)
FNDA:1,(anonymous_41)
FNDA:0,(anonymous_42)
DA:5,1
DA:263,1
DA:268,1
DA:275,40
DA:279,10
DA:281,10
DA:282,1
DA:285,10
DA:286,0
DA:290,10
DA:291,9
DA:292,9
DA:295,9
DA:296,9
DA:297,9
DA:298,9
DA:299,9
DA:300,9
DA:303,9
DA:304,5
DA:305,5
DA:306,5
DA:307,5
DA:309,5
DA:311,5
DA:312,1
DA:315,4
DA:316,4
DA:318,1
DA:320,5
DA:324,5
DA:328,9
DA:329,8
DA:332,9
DA:333,8
DA:334,2
DA:335,2
DA:338,9
DA:339,8
DA:340,2
DA:341,2
DA:342,2
DA:345,9
DA:346,8
DA:347,2
DA:348,2
DA:349,2
DA:350,2
DA:353,9
DA:354,8
DA:355,2
DA:356,2
DA:357,2
DA:358,2
DA:359,2
DA:363,9
DA:364,8
DA:366,8
DA:367,2
DA:368,2
DA:369,2
DA:370,2
DA:371,2
DA:374,2
DA:375,0
DA:378,2
DA:384,9
DA:401,0
DA:407,0
DA:409,2
DA:415,0
DA:417,2
DA:423,0
DA:425,2
DA:431,0
DA:433,2
DA:439,0
DA:441,1
DA:478,2
DA:505,1
DA:512,1
DA:519,0
LF:82
LH:73
BRDA:311,0,0,1
BRDA:311,0,1,4
BRDA:316,1,0,4
BRDA:316,1,1,0
BRDA:318,2,0,1
BRDA:318,2,1,0
BRDA:334,3,0,2
BRDA:334,3,1,0
BRDA:340,4,0,2
BRDA:340,4,1,0
BRDA:341,5,0,2
BRDA:341,5,1,0
BRDA:347,6,0,2
BRDA:347,6,1,0
BRDA:348,7,0,2
BRDA:348,7,1,0
BRDA:349,8,0,2
BRDA:349,8,1,0
BRDA:355,9,0,2
BRDA:355,9,1,0
BRDA:356,10,0,2
BRDA:356,10,1,0
BRDA:357,11,0,2
BRDA:357,11,1,0
BRDA:358,12,0,2
BRDA:358,12,1,0
BRDA:359,13,0,2
BRDA:359,13,1,1
BRDA:367,14,0,0
BRDA:367,14,1,2
BRDA:367,15,0,2
BRDA:367,15,1,0
BRDA:368,16,0,0
BRDA:368,16,1,2
BRDA:368,17,0,2
BRDA:368,17,1,0
BRDA:369,18,0,0
BRDA:369,18,1,2
BRDA:369,19,0,2
BRDA:369,19,1,0
BRDA:370,20,0,0
BRDA:370,20,1,2
BRDA:370,21,0,2
BRDA:370,21,1,0
BRDA:371,22,0,0
BRDA:371,22,1,2
BRDA:371,23,0,2
BRDA:371,23,1,0
BRDA:374,24,0,0
BRDA:374,24,1,2
BRDA:374,25,0,2
BRDA:374,25,1,0
BRDA:433,26,0,2
BRDA:433,26,1,0
BRDA:457,27,0,9
BRDA:457,27,1,1
BRDA:462,28,0,9
BRDA:462,28,1,5
BRDA:467,29,0,9
BRDA:467,29,1,4
BRDA:467,29,2,3
BRDA:473,30,0,1
BRDA:473,30,1,2
BRDA:488,31,0,2
BRDA:488,31,1,0
BRDA:489,32,0,2
BRDA:489,32,1,0
BRDA:494,33,0,2
BRDA:494,33,1,1
BRDA:502,34,0,2
BRDA:502,34,1,1
BRF:71
BRH:44
end_of_record
TN:
SF:src/pages/QueuePage.jsx
FN:332,QueuePage
FN:341,(anonymous_1)
FN:357,handleRequestClinicAccess
FN:383,(anonymous_3)
FN:397,(anonymous_4)
FN:414,(anonymous_5)
FN:423,(anonymous_6)
FN:432,(anonymous_7)
FN:433,(anonymous_8)
FN:436,(anonymous_9)
FN:447,(anonymous_10)
FN:461,(anonymous_11)
FN:482,(anonymous_12)
FN:486,(anonymous_13)
FN:489,(anonymous_14)
FN:492,(anonymous_15)
FN:521,(anonymous_16)
FN:551,(anonymous_17)
FN:557,(anonymous_18)
FN:575,(anonymous_19)
FN:592,(anonymous_20)
FN:651,(anonymous_21)
FNF:22
FNH:11
FNDA:23,QueuePage
FNDA:7,(anonymous_1)
FNDA:1,handleRequestClinicAccess
FNDA:0,(anonymous_3)
FNDA:9,(anonymous_4)
FNDA:0,(anonymous_5)
FNDA:0,(anonymous_6)
FNDA:0,(anonymous_7)
FNDA:0,(anonymous_8)
FNDA:0,(anonymous_9)
FNDA:0,(anonymous_10)
FNDA:0,(anonymous_11)
FNDA:9,(anonymous_12)
FNDA:9,(anonymous_13)
FNDA:9,(anonymous_14)
FNDA:1,(anonymous_15)
FNDA:0,(anonymous_16)
FNDA:1,(anonymous_17)
FNDA:0,(anonymous_18)
FNDA:0,(anonymous_19)
FNDA:9,(anonymous_20)
FNDA:1,(anonymous_21)
DA:7,1
DA:314,1
DA:323,1
DA:333,23
DA:334,23
DA:336,23
DA:337,23
DA:338,23
DA:339,23
DA:341,23
DA:342,7
DA:343,7
DA:345,0
DA:349,23
DA:350,23
DA:351,23
DA:353,23
DA:354,23
DA:358,1
DA:359,1
DA:361,1
DA:362,0
DA:363,0
DA:366,1
DA:367,1
DA:368,1
DA:369,1
DA:371,1
DA:383,1
DA:385,1
DA:386,0
DA:389,1
DA:391,0
DA:393,1
DA:397,23
DA:398,9
DA:399,9
DA:400,9
DA:402,9
DA:403,9
DA:405,9
DA:406,2
DA:407,2
DA:410,7
DA:414,7
DA:416,5
DA:417,5
DA:421,0
DA:423,0
DA:425,0
DA:426,0
DA:427,0
DA:431,0
DA:432,0
DA:433,0
DA:435,0
DA:436,0
DA:439,0
DA:440,0
DA:442,0
DA:444,0
DA:445,0
DA:447,0
DA:448,0
DA:449,0
DA:452,0
DA:454,0
DA:456,0
DA:457,0
DA:460,0
DA:461,0
DA:462,0
DA:469,0
DA:476,7
DA:478,9
DA:482,23
DA:483,9
DA:486,23
DA:488,9
DA:489,9
DA:492,23
DA:493,1
DA:494,1
DA:495,1
DA:497,1
DA:498,0
DA:499,0
DA:502,1
DA:503,0
DA:504,0
DA:507,1
DA:508,1
DA:509,1
DA:510,1
DA:512,1
DA:521,1
DA:523,1
DA:524,0
DA:525,0
DA:526,0
DA:527,0
DA:529,0
DA:531,0
DA:534,1
DA:536,1
DA:541,1
DA:542,1
DA:544,0
DA:546,1
DA:551,23
DA:552,1
DA:553,1
DA:554,1
DA:557,23
DA:558,0
DA:559,0
DA:561,0
DA:562,0
DA:563,0
DA:566,0
DA:567,0
DA:568,0
DA:569,0
DA:571,0
DA:575,0
DA:577,0
DA:578,0
DA:581,0
DA:582,0
DA:583,0
DA:584,0
DA:586,0
DA:588,0
DA:592,23
DA:593,9
DA:595,5
DA:602,23
DA:605,23
DA:651,1
LF:139
LH:78
BRDA:343,0,0,7
BRDA:343,0,1,2
BRDA:359,1,0,1
BRDA:359,1,1,0
BRDA:359,1,2,0
BRDA:361,2,0,0
BRDA:361,2,1,1
BRDA:361,3,0,1
BRDA:361,3,1,1
BRDA:385,4,0,0
BRDA:385,4,1,1
BRDA:386,5,0,0
BRDA:386,5,1,0
BRDA:391,6,0,0
BRDA:391,6,1,0
BRDA:402,7,0,9
BRDA:402,7,1,4
BRDA:405,8,0,2
BRDA:405,8,1,7
BRDA:405,9,0,9
BRDA:405,9,1,9
BRDA:416,10,0,5
BRDA:416,10,1,0
BRDA:417,11,0,5
BRDA:417,11,1,0
BRDA:421,12,0,0
BRDA:421,12,1,0
BRDA:425,13,0,0
BRDA:425,13,1,0
BRDA:433,14,0,0
BRDA:433,14,1,0
BRDA:433,15,0,0
BRDA:433,15,1,0
BRDA:436,16,0,0
BRDA:436,16,1,0
BRDA:442,17,0,0
BRDA:442,17,1,0
BRDA:448,18,0,0
BRDA:448,18,1,0
BRDA:449,19,0,0
BRDA:449,19,1,0
BRDA:452,20,0,0
BRDA:452,20,1,0
BRDA:452,20,2,0
BRDA:454,21,0,0
BRDA:454,21,1,0
BRDA:460,22,0,0
BRDA:460,22,1,0
BRDA:462,23,0,0
BRDA:462,23,1,0
BRDA:497,24,0,0
BRDA:497,24,1,1
BRDA:497,25,0,1
BRDA:497,25,1,1
BRDA:502,26,0,0
BRDA:502,26,1,1
BRDA:523,27,0,0
BRDA:523,27,1,1
BRDA:524,28,0,0
BRDA:524,28,1,0
BRDA:525,29,0,0
BRDA:525,29,1,0
BRDA:526,30,0,0
BRDA:526,30,1,0
BRDA:527,31,0,0
BRDA:527,31,1,0
BRDA:529,32,0,0
BRDA:529,32,1,0
BRDA:537,33,0,1
BRDA:537,33,1,0
BRDA:561,34,0,0
BRDA:561,34,1,0
BRDA:561,35,0,0
BRDA:561,35,1,0
BRDA:577,36,0,0
BRDA:577,36,1,0
BRDA:578,37,0,0
BRDA:578,37,1,0
BRDA:593,38,0,4
BRDA:593,38,1,5
BRDA:596,39,0,5
BRDA:596,39,1,0
BRDA:596,40,0,5
BRDA:596,40,1,0
BRDA:602,41,0,23
BRDA:602,41,1,4
BRDA:615,42,0,23
BRDA:615,42,1,0
BRDA:622,43,0,23
BRDA:622,43,1,3
BRDA:629,44,0,23
BRDA:629,44,1,9
BRDA:636,45,0,23
BRDA:636,45,1,14
BRDA:636,45,2,12
BRDA:643,46,0,23
BRDA:643,46,1,14
BRDA:643,46,2,2
BRDA:643,46,3,2
BRDA:659,47,0,23
BRDA:659,47,1,14
BRDA:659,47,2,2
BRDA:659,47,3,0
BRDA:661,48,0,0
BRDA:661,48,1,0
BRDA:670,49,0,0
BRDA:670,49,1,0
BRDA:674,50,0,0
BRDA:674,50,1,0
BRDA:678,51,0,0
BRDA:678,51,1,0
BRDA:682,52,0,0
BRDA:682,52,1,0
BRDA:685,53,0,0
BRDA:685,53,1,0
BRDA:690,54,0,0
BRDA:690,54,1,0
BRDA:692,55,0,0
BRDA:692,55,1,0
BRDA:700,56,0,0
BRDA:700,56,1,0
BRDA:703,57,0,0
BRDA:703,57,1,0
BRDA:712,58,0,0
BRDA:712,58,1,0
BRDA:722,59,0,0
BRDA:722,59,1,0
BRDA:729,60,0,0
BRDA:729,60,1,0
BRDA:739,61,0,23
BRDA:739,61,1,14
BRDA:739,61,2,2
BRDA:739,61,3,2
BRDA:744,62,0,23
BRDA:744,62,1,3
BRDA:745,63,0,23
BRDA:745,63,1,14
BRDA:745,63,2,2
BRDA:745,63,3,0
BRDA:745,63,4,0
BRDA:752,64,0,0
BRDA:752,64,1,0
BRDA:758,65,0,23
BRDA:758,65,1,13
BRDA:758,65,2,8
BRDA:774,66,0,8
BRDA:774,66,1,0
BRDA:786,67,0,8
BRDA:786,67,1,1
BRDA:793,68,0,8
BRDA:793,68,1,3
BRDA:801,69,0,1
BRDA:801,69,1,2
BRDA:819,70,0,1
BRDA:819,70,1,7
BRF:155
BRH:63
end_of_record
TN:
SF:src/pages/StaffDashboard.jsx
FN:210,Toast
FN:222,getDisplayName
FN:225,StaffDashboard
FN:243,(anonymous_3)
FN:245,(anonymous_4)
FN:246,(anonymous_5)
FN:250,(anonymous_6)
FN:267,(anonymous_7)
FN:283,(anonymous_8)
FN:291,(anonymous_9)
FN:303,(anonymous_10)
FN:311,(anonymous_11)
FN:324,(anonymous_12)
FN:330,(anonymous_13)
FN:331,(anonymous_14)
FN:336,(anonymous_15)
FN:339,(anonymous_16)
FN:362,(anonymous_17)
FN:368,(anonymous_18)
FN:369,(anonymous_19)
FN:389,(anonymous_20)
FN:397,(anonymous_21)
FN:403,(anonymous_22)
FN:403,(anonymous_23)
FN:414,(anonymous_24)
FN:432,(anonymous_25)
FN:451,(anonymous_26)
FN:452,(anonymous_27)
FN:483,(anonymous_28)
FN:501,(anonymous_29)
FN:506,(anonymous_30)
FN:555,(anonymous_31)
FN:561,(anonymous_32)
FN:579,(anonymous_33)
FN:589,(anonymous_34)
FNF:35
FNH:18
FNDA:11,Toast
FNDA:1,getDisplayName
FNDA:11,StaffDashboard
FNDA:1,(anonymous_3)
FNDA:0,(anonymous_4)
FNDA:0,(anonymous_5)
FNDA:5,(anonymous_6)
FNDA:0,(anonymous_7)
FNDA:5,(anonymous_8)
FNDA:0,(anonymous_9)
FNDA:4,(anonymous_10)
FNDA:0,(anonymous_11)
FNDA:4,(anonymous_12)
FNDA:4,(anonymous_13)
FNDA:0,(anonymous_14)
FNDA:4,(anonymous_15)
FNDA:0,(anonymous_16)
FNDA:0,(anonymous_17)
FNDA:0,(anonymous_18)
FNDA:0,(anonymous_19)
FNDA:0,(anonymous_20)
FNDA:0,(anonymous_21)
FNDA:0,(anonymous_22)
FNDA:0,(anonymous_23)
FNDA:1,(anonymous_24)
FNDA:0,(anonymous_25)
FNDA:1,(anonymous_26)
FNDA:1,(anonymous_27)
FNDA:1,(anonymous_28)
FNDA:1,(anonymous_29)
FNDA:5,(anonymous_30)
FNDA:1,(anonymous_31)
FNDA:1,(anonymous_32)
FNDA:0,(anonymous_33)
FNDA:0,(anonymous_34)
DA:5,1
DA:201,1
DA:203,1
DA:211,11
DA:223,1
DA:226,11
DA:227,11
DA:228,11
DA:230,11
DA:231,11
DA:232,11
DA:233,11
DA:234,11
DA:235,11
DA:236,11
DA:239,11
DA:240,11
DA:241,11
DA:243,11
DA:244,1
DA:245,1
DA:246,0
DA:250,11
DA:251,5
DA:253,5
DA:254,1
DA:255,1
DA:256,1
DA:259,4
DA:260,4
DA:262,4
DA:263,4
DA:267,4
DA:269,4
DA:270,0
DA:273,4
DA:274,4
DA:275,4
DA:277,0
DA:279,4
DA:283,11
DA:284,5
DA:286,4
DA:287,4
DA:291,4
DA:293,4
DA:294,0
DA:297,4
DA:299,0
DA:303,11
DA:304,4
DA:306,4
DA:307,4
DA:311,4
DA:313,4
DA:314,0
DA:317,4
DA:319,0
DA:324,11
DA:325,4
DA:326,4
DA:327,4
DA:330,11
DA:331,4
DA:332,0
DA:333,0
DA:336,4
DA:339,11
DA:340,0
DA:342,0
DA:346,0
DA:347,0
DA:348,0
DA:351,0
DA:353,0
DA:354,0
DA:362,0
DA:364,0
DA:365,0
DA:368,0
DA:369,0
DA:370,0
DA:379,0
DA:380,0
DA:381,0
DA:383,0
DA:385,0
DA:389,11
DA:390,0
DA:392,0
DA:393,0
DA:397,0
DA:399,0
DA:400,0
DA:403,0
DA:404,0
DA:405,0
DA:406,0
DA:408,0
DA:410,0
DA:414,11
DA:415,1
DA:417,1
DA:419,1
DA:420,1
DA:432,1
DA:434,1
DA:435,0
DA:438,1
DA:439,1
DA:440,1
DA:441,1
DA:443,0
DA:445,1
DA:449,11
DA:451,1
DA:452,1
DA:456,11
DA:484,1
DA:485,1
DA:501,1
DA:507,5
DA:556,1
DA:562,1
DA:579,0
DA:589,0
LF:126
LH:82
BRDA:215,0,0,1
BRDA:215,0,1,10
BRDA:215,1,0,1
BRDA:215,1,1,10
BRDA:223,2,0,1
BRDA:223,2,1,0
BRDA:227,3,0,11
BRDA:227,3,1,11
BRDA:227,3,2,2
BRDA:243,4,0,0
BRDA:251,5,0,0
BRDA:251,5,1,5
BRDA:253,6,0,1
BRDA:253,6,1,4
BRDA:269,7,0,0
BRDA:269,7,1,4
BRDA:270,8,0,0
BRDA:270,8,1,0
BRDA:273,9,0,4
BRDA:273,9,1,0
BRDA:284,10,0,1
BRDA:284,10,1,4
BRDA:284,11,0,5
BRDA:284,11,1,5
BRDA:293,12,0,0
BRDA:293,12,1,4
BRDA:294,13,0,0
BRDA:294,13,1,0
BRDA:297,14,0,4
BRDA:297,14,1,4
BRDA:304,15,0,0
BRDA:304,15,1,4
BRDA:313,16,0,0
BRDA:313,16,1,4
BRDA:314,17,0,0
BRDA:314,17,1,0
BRDA:317,18,0,4
BRDA:317,18,1,0
BRDA:342,19,0,0
BRDA:342,19,1,0
BRDA:342,20,0,0
BRDA:342,20,1,0
BRDA:346,21,0,0
BRDA:346,21,1,0
BRDA:364,22,0,0
BRDA:364,22,1,0
BRDA:365,23,0,0
BRDA:365,23,1,0
BRDA:370,24,0,0
BRDA:370,24,1,0
BRDA:374,25,0,0
BRDA:374,25,1,0
BRDA:399,26,0,0
BRDA:399,26,1,0
BRDA:400,27,0,0
BRDA:400,27,1,0
BRDA:415,28,0,0
BRDA:415,28,1,1
BRDA:415,29,0,1
BRDA:415,29,1,1
BRDA:434,30,0,0
BRDA:434,30,1,1
BRDA:435,31,0,0
BRDA:435,31,1,0
BRDA:443,32,0,0
BRDA:443,32,1,0
BRDA:516,33,0,11
BRDA:516,33,1,10
BRDA:518,34,0,1
BRDA:518,34,1,10
BRDA:523,35,0,11
BRDA:523,35,1,4
BRDA:525,36,0,11
BRDA:525,36,1,1
BRDA:525,36,2,1
BRDA:538,37,0,11
BRDA:538,37,1,7
BRDA:538,37,2,6
BRDA:538,37,3,5
BRDA:542,38,0,11
BRDA:542,38,1,7
BRDA:542,38,2,6
BRDA:542,38,3,1
BRDA:558,39,0,0
BRDA:558,39,1,1
BRDA:562,40,0,1
BRDA:562,40,1,1
BRDA:563,41,0,1
BRDA:563,41,1,0
BRDA:563,42,0,1
BRDA:563,42,1,0
BRDA:569,43,0,1
BRDA:569,43,1,0
BRDA:575,44,0,1
BRDA:575,44,1,1
BRDA:582,45,0,0
BRDA:582,45,1,1
BRDA:592,46,0,0
BRDA:592,46,1,1
BRF:99
BRH:54
end_of_record
